<?xml version="1.0" encoding="UTF-8"?>
<!-- Generated by org.testng.reporters.JUnitReportReporter -->
<testsuite name="com.mercury.tours.Mercury_Sign_On_dropDown" tests="1" time="45.379" ignored="0" failures="0" timestamp="26 Dec 2019 05:16:08 GMT" skipped="0" hostname="DESKTOP-F8THS86" errors="0">
  <testcase name="Sign_on_Sucessful_login" time="45.379" classname="com.mercury.tours.Mercury_Sign_On_dropDown"/>
</testsuite> <!-- com.mercury.tours.Mercury_Sign_On_dropDown -->
