<?xml version="1.0" encoding="UTF-8"?>
<!-- Generated by org.testng.reporters.JUnitReportReporter -->
<testsuite name="com.mercury.tours.Mercury_Sign_On_RadioButton" tests="1" time="87.177" ignored="0" failures="0" timestamp="24 Dec 2019 07:02:45 GMT" skipped="0" hostname="DESKTOP-F8THS86" errors="0">
  <testcase name="Sign_on_Sucessful_login" time="87.177" classname="com.mercury.tours.Mercury_Sign_On_RadioButton"/>
</testsuite> <!-- com.mercury.tours.Mercury_Sign_On_RadioButton -->
