<?xml version="1.0" encoding="UTF-8"?>
<!-- Generated by org.testng.reporters.JUnitReportReporter -->
<testsuite name="com.mercury.tours.ReadDataFromExcel_XLS" tests="3" time="64.776" ignored="0" failures="0" timestamp="26 Dec 2019 06:36:13 GMT" skipped="0" hostname="DESKTOP-F8THS86" errors="0">
  <testcase name="LoginApp" time="24.529" classname="com.mercury.tours.ReadDataFromExcel_XLS"/>
  <testcase name="LoginApp" time="23.085" classname="com.mercury.tours.ReadDataFromExcel_XLS"/>
  <testcase name="LoginApp" time="17.162" classname="com.mercury.tours.ReadDataFromExcel_XLS"/>
</testsuite> <!-- com.mercury.tours.ReadDataFromExcel_XLS -->
