<?xml version="1.0" encoding="UTF-8"?>
<!-- Generated by org.testng.reporters.JUnitReportReporter -->
<testsuite name="com.mercury.tours.Parameter_TestNG_XML" tests="3" time="31.554" ignored="0" failures="0" timestamp="25 Dec 2019 07:21:48 GMT" skipped="0" hostname="DESKTOP-F8THS86" errors="0">
  <testcase name="Login" time="17.573" classname="com.mercury.tours.Parameter_TestNG_XML"/>
  <testcase name="Login" time="2.634" classname="com.mercury.tours.Parameter_TestNG_XML"/>
  <testcase name="Login" time="11.347" classname="com.mercury.tours.Parameter_TestNG_XML"/>
</testsuite> <!-- com.mercury.tours.Parameter_TestNG_XML -->
