<?xml version="1.0" encoding="UTF-8"?>
<!-- Generated by org.testng.reporters.JUnitReportReporter -->
<testsuite skipped="0" hostname="idea-PC" name="com.mercury.tours.Mercury_Sign_On_Using_RobotClass" tests="1" failures="0" timestamp="04 Apr 2020 03:05:18 GMT" time="10.362" errors="0">
  <testcase name="testUpload" time="10.362" classname="com.mercury.tours.Mercury_Sign_On_Using_RobotClass"/>
</testsuite> <!-- com.mercury.tours.Mercury_Sign_On_Using_RobotClass -->
