<?xml version="1.0" encoding="UTF-8"?>
<!-- Generated by org.testng.reporters.JUnitReportReporter -->
<testsuite name="com.mercury.tours.Flight_Login_DataProvider" tests="3" time="132.010" ignored="0" failures="0" timestamp="25 Dec 2019 06:03:26 GMT" skipped="0" hostname="DESKTOP-F8THS86" errors="0">
  <testcase name="Sign_on" time="42.621" classname="com.mercury.tours.Flight_Login_DataProvider"/>
  <testcase name="Sign_on" time="50.058" classname="com.mercury.tours.Flight_Login_DataProvider"/>
  <testcase name="Sign_on" time="39.331" classname="com.mercury.tours.Flight_Login_DataProvider"/>
</testsuite> <!-- com.mercury.tours.Flight_Login_DataProvider -->
