<?xml version="1.0" encoding="UTF-8"?>
<!-- Generated by org.testng.reporters.JUnitReportReporter -->
<testsuite name="com.mercury.tours.Flight_Login_Before_After_Annotation" tests="1" time="7.832" ignored="0" failures="0" timestamp="24 Dec 2019 06:04:52 GMT" skipped="0" hostname="DESKTOP-F8THS86" errors="0">
  <testcase name="Sign_on_Sucessful_login" time="7.832" classname="com.mercury.tours.Flight_Login_Before_After_Annotation"/>
</testsuite> <!-- com.mercury.tours.Flight_Login_Before_After_Annotation -->
