<?xml version="1.0" encoding="UTF-8"?>
<!-- Generated by org.testng.reporters.JUnitReportReporter -->
<testsuite skipped="0" hostname="idea-PC" name="com.mercury.tours.Flight_Login_DataProvider" tests="3" failures="0" timestamp="31 Mar 2020 17:02:05 GMT" time="27.430" errors="0">
  <testcase name="Sign_on" time="10.514" classname="com.mercury.tours.Flight_Login_DataProvider"/>
  <testcase name="Sign_on" time="9.354" classname="com.mercury.tours.Flight_Login_DataProvider"/>
  <testcase name="Sign_on" time="7.562" classname="com.mercury.tours.Flight_Login_DataProvider"/>
</testsuite> <!-- com.mercury.tours.Flight_Login_DataProvider -->
