<?xml version="1.0" encoding="UTF-8"?>
<!-- Generated by org.testng.reporters.JUnitReportReporter -->
<testsuite name="com.mercury.tours.hdfc_netbanking_WindowAlert" tests="1" time="2.290" ignored="0" failures="0" timestamp="24 Dec 2019 12:12:33 GMT" skipped="0" hostname="DESKTOP-F8THS86" errors="0">
  <testcase name="hdfc_login" time="2.290" classname="com.mercury.tours.hdfc_netbanking_WindowAlert"/>
</testsuite> <!-- com.mercury.tours.hdfc_netbanking_WindowAlert -->
