<?xml version="1.0" encoding="UTF-8"?>
<!-- Generated by org.testng.reporters.JUnitReportReporter -->
<testsuite name="com.mercury.tours.Sibling_xpath_ex" tests="1" time="15.945" ignored="0" failures="0" timestamp="24 Dec 2019 09:28:06 GMT" skipped="0" hostname="DESKTOP-F8THS86" errors="0">
  <testcase name="Sign_on" time="15.945" classname="com.mercury.tours.Sibling_xpath_ex"/>
</testsuite> <!-- com.mercury.tours.Sibling_xpath_ex -->
