<?xml version="1.0" encoding="UTF-8"?>
<!-- Generated by org.testng.reporters.JUnitReportReporter -->
<testsuite skipped="0" hostname="idea-PC" name="com.mercury.tours.hdfc_netbanking" tests="1" failures="0" timestamp="24 Apr 2020 02:26:09 GMT" time="4.061" errors="0">
  <testcase name="hdfc_login" time="4.061" classname="com.mercury.tours.hdfc_netbanking"/>
</testsuite> <!-- com.mercury.tours.hdfc_netbanking -->
