<?xml version="1.0" encoding="UTF-8"?>
<!-- Generated by org.testng.reporters.JUnitReportReporter -->
<testsuite name="com.mercury.tours.ReadDataFromExcel_XLSX" tests="3" time="51.615" ignored="0" failures="0" timestamp="26 Dec 2019 07:11:41 GMT" skipped="0" hostname="DESKTOP-F8THS86" errors="0">
  <testcase name="LoginApp" time="17.605" classname="com.mercury.tours.ReadDataFromExcel_XLSX"/>
  <testcase name="LoginApp" time="16.770" classname="com.mercury.tours.ReadDataFromExcel_XLSX"/>
  <testcase name="LoginApp" time="17.240" classname="com.mercury.tours.ReadDataFromExcel_XLSX"/>
</testsuite> <!-- com.mercury.tours.ReadDataFromExcel_XLSX -->
