<?xml version="1.0" encoding="UTF-8"?>
<!-- Generated by org.testng.reporters.JUnitReportReporter -->
<testsuite name="com.mercury.tours.Drag_and_Drop" tests="1" time="6.696" ignored="0" failures="0" timestamp="25 Dec 2019 10:52:09 GMT" skipped="0" hostname="DESKTOP-F8THS86" errors="0">
  <testcase name="mouse_hover_action" time="6.696" classname="com.mercury.tours.Drag_and_Drop"/>
</testsuite> <!-- com.mercury.tours.Drag_and_Drop -->
