<?xml version="1.0" encoding="UTF-8"?>
<!-- Generated by org.testng.reporters.JUnitReportReporter -->
<testsuite name="com.mercury.tours.Headless_Browser" tests="1" time="7.255" ignored="0" failures="0" timestamp="24 Dec 2019 04:15:06 GMT" skipped="0" hostname="DESKTOP-F8THS86" errors="0">
  <testcase name="Sign_On" time="7.255" classname="com.mercury.tours.Headless_Browser"/>
</testsuite> <!-- com.mercury.tours.Headless_Browser -->
