<?xml version="1.0" encoding="UTF-8"?>
<!-- Generated by org.testng.reporters.JUnitReportReporter -->
<testsuite name="com.mercury.tours.Mercury_Sign_On_GetText" tests="1" time="40.072" ignored="0" failures="0" timestamp="24 Dec 2019 04:59:02 GMT" skipped="0" hostname="DESKTOP-F8THS86" errors="0">
  <testcase name="Sign_on_Sucessful_login" time="40.072" classname="com.mercury.tours.Mercury_Sign_On_GetText"/>
</testsuite> <!-- com.mercury.tours.Mercury_Sign_On_GetText -->
