<?xml version="1.0" encoding="UTF-8"?>
<!-- Generated by org.testng.reporters.JUnitReportReporter -->
<testsuite skipped="0" hostname="idea-PC" name="com.mercury.tours.Mercury_Sign_On_dropDown" tests="1" failures="0" timestamp="08 Mar 2020 11:12:12 GMT" time="16.585" errors="0">
  <testcase name="Sign_on_Sucessful_login" time="16.585" classname="com.mercury.tours.Mercury_Sign_On_dropDown"/>
</testsuite> <!-- com.mercury.tours.Mercury_Sign_On_dropDown -->
