<?xml version="1.0" encoding="UTF-8"?>
<!-- Generated by org.testng.reporters.JUnitReportReporter -->
<testsuite name="com.mercury.tours.Mercury_Sign_On_Using_RobotClass" tests="1" time="10.248" ignored="0" failures="0" timestamp="26 Dec 2019 05:14:21 GMT" skipped="0" hostname="DESKTOP-F8THS86" errors="0">
  <testcase name="testUpload" time="10.248" classname="com.mercury.tours.Mercury_Sign_On_Using_RobotClass"/>
</testsuite> <!-- com.mercury.tours.Mercury_Sign_On_Using_RobotClass -->
