<?xml version="1.0" encoding="UTF-8"?>
<!-- Generated by org.testng.reporters.JUnitReportReporter -->
<testsuite name="com.mercury.tours.Navigate_All_links" tests="1" time="60.209" ignored="0" failures="0" timestamp="25 Dec 2019 05:11:14 GMT" skipped="0" hostname="DESKTOP-F8THS86" errors="0">
  <testcase name="navigateToAllLinks" time="60.209" classname="com.mercury.tours.Navigate_All_links"/>
</testsuite> <!-- com.mercury.tours.Navigate_All_links -->
