<?xml version="1.0" encoding="UTF-8"?>
<!-- Generated by org.testng.reporters.JUnitReportReporter -->
<testsuite skipped="0" hostname="idea-PC" name="com.mercury.tours.Parameter_TestNG_XML" tests="3" failures="0" timestamp="23 Apr 2020 09:08:34 GMT" time="72.476" errors="0">
  <testcase name="Login" time="55.223" classname="com.mercury.tours.Parameter_TestNG_XML"/>
  <testcase name="Login" time="13.617" classname="com.mercury.tours.Parameter_TestNG_XML"/>
  <testcase name="Login" time="3.636" classname="com.mercury.tours.Parameter_TestNG_XML"/>
</testsuite> <!-- com.mercury.tours.Parameter_TestNG_XML -->
