<?xml version="1.0" encoding="UTF-8"?>
<!-- Generated by org.testng.reporters.JUnitReportReporter -->
<testsuite name="com.mercury.tours.BatchExecution_Smoke" tests="1" time="0.006" ignored="0" failures="0" timestamp="25 Dec 2019 10:52:09 GMT" skipped="0" hostname="DESKTOP-F8THS86" errors="0">
  <testcase name="TestSuite" time="0.006" classname="com.mercury.tours.BatchExecution_Smoke"/>
</testsuite> <!-- com.mercury.tours.BatchExecution_Smoke -->
