<?xml version="1.0" encoding="UTF-8"?>
<!-- Generated by org.testng.reporters.JUnitReportReporter -->
<testsuite name="com.mercury.tours.Mercury_Sign_On_Read_Propery" tests="1" time="29.794" ignored="0" failures="0" timestamp="26 Dec 2019 09:57:37 GMT" skipped="0" hostname="DESKTOP-F8THS86" errors="0">
  <testcase name="Sign_on_Sucessful_login" time="29.794" classname="com.mercury.tours.Mercury_Sign_On_Read_Propery"/>
</testsuite> <!-- com.mercury.tours.Mercury_Sign_On_Read_Propery -->
