<?xml version="1.0" encoding="UTF-8"?>
<!-- Generated by org.testng.reporters.JUnitReportReporter -->
<testsuite name="com.mercury.tours.Mercury_Sign_On_Priority" tests="3" time="242.953" ignored="0" failures="0" timestamp="24 Dec 2019 09:56:25 GMT" skipped="0" hostname="DESKTOP-F8THS86" errors="0">
  <testcase name="DepartPage" time="0.051" classname="com.mercury.tours.Mercury_Sign_On_Priority"/>
  <testcase name="SearchFlight" time="4.824" classname="com.mercury.tours.Mercury_Sign_On_Priority"/>
  <testcase name="Sign_on_Sucessful_login" time="238.078" classname="com.mercury.tours.Mercury_Sign_On_Priority"/>
</testsuite> <!-- com.mercury.tours.Mercury_Sign_On_Priority -->
