<?xml version="1.0" encoding="UTF-8"?>
<!-- Generated by org.testng.reporters.JUnitReportReporter -->
<testsuite name="com.mercury.tours.Flight_Login_Before_After_Annotation2_With_IE" tests="1" time="4.323" ignored="0" failures="0" timestamp="25 Dec 2019 08:46:44 GMT" skipped="0" hostname="DESKTOP-F8THS86" errors="0">
  <testcase name="Sign_on_Sucessful_login" time="4.323" classname="com.mercury.tours.Flight_Login_Before_After_Annotation2_With_IE"/>
</testsuite> <!-- com.mercury.tours.Flight_Login_Before_After_Annotation2_With_IE -->
